<?xml version="1.0" encoding="UTF-8"?>
<testng-results skipped="0" failed="0" ignored="0" total="15" passed="15">
  <reporter-output>
  </reporter-output>
  <suite name="Login Test Suite" duration-ms="38913" started-at="2022-08-21T21:15:13 EDT" finished-at="2022-08-21T21:15:52 EDT">
    <groups>
      <group name="cucumber">
        <method signature="AbstractTestNGCucumberTests.runScenario(io.cucumber.testng.PickleWrapper,io.cucumber.testng.FeatureWrapper)[pri:0, instance:com.revature.runner.TestRunner@17d0685f]" name="runScenario" class="io.cucumber.testng.AbstractTestNGCucumberTests"/>
      </group> <!-- cucumber -->
    </groups>
    <test name="My Login tests" duration-ms="38913" started-at="2022-08-21T21:15:13 EDT" finished-at="2022-08-21T21:15:52 EDT">
      <class name="com.revature.runner.TestRunner">
        <test-method status="PASS" signature="setUpClass(org.testng.ITestContext)[pri:0, instance:com.revature.runner.TestRunner@17d0685f]" name="setUpClass" is-config="true" duration-ms="174" started-at="2022-08-21T21:15:13 EDT" finished-at="2022-08-21T21:15:13 EDT">
          <params>
            <param index="0">
              <value>
                <![CDATA[org.testng.TestRunner@57fdb8a4]]>
              </value>
            </param>
          </params>
          <reporter-output>
          </reporter-output>
        </test-method> <!-- setUpClass -->
        <test-method status="PASS" signature="setup()[pri:0, instance:com.revature.runner.TestRunner@17d0685f]" name="setup" is-config="true" duration-ms="3548" started-at="2022-08-21T21:15:13 EDT" finished-at="2022-08-21T21:15:17 EDT">
          <reporter-output>
          </reporter-output>
        </test-method> <!-- setup -->
        <test-method status="PASS" signature="runScenario(io.cucumber.testng.PickleWrapper,io.cucumber.testng.FeatureWrapper)[pri:0, instance:com.revature.runner.TestRunner@17d0685f]" name="runScenario" duration-ms="4198" started-at="2022-08-21T21:15:17 EDT" description="Runs Cucumber Scenarios" data-provider="scenarios" finished-at="2022-08-21T21:15:21 EDT">
          <params>
            <param index="0">
              <value>
                <![CDATA["Valid login Student #1"]]>
              </value>
            </param>
            <param index="1">
              <value>
                <![CDATA["login"]]>
              </value>
            </param>
          </params>
          <reporter-output>
          </reporter-output>
        </test-method> <!-- runScenario -->
        <test-method status="PASS" signature="quit()[pri:0, instance:com.revature.runner.TestRunner@17d0685f]" name="quit" is-config="true" duration-ms="592" started-at="2022-08-21T21:15:21 EDT" finished-at="2022-08-21T21:15:21 EDT">
          <reporter-output>
          </reporter-output>
        </test-method> <!-- quit -->
        <test-method status="PASS" signature="setup()[pri:0, instance:com.revature.runner.TestRunner@17d0685f]" name="setup" is-config="true" duration-ms="1154" started-at="2022-08-21T21:15:21 EDT" finished-at="2022-08-21T21:15:23 EDT">
          <reporter-output>
          </reporter-output>
        </test-method> <!-- setup -->
        <test-method status="PASS" signature="runScenario(io.cucumber.testng.PickleWrapper,io.cucumber.testng.FeatureWrapper)[pri:0, instance:com.revature.runner.TestRunner@17d0685f]" name="runScenario" duration-ms="897" started-at="2022-08-21T21:15:23 EDT" description="Runs Cucumber Scenarios" data-provider="scenarios" finished-at="2022-08-21T21:15:23 EDT">
          <params>
            <param index="0">
              <value>
                <![CDATA["Valid login Student #2"]]>
              </value>
            </param>
            <param index="1">
              <value>
                <![CDATA["login"]]>
              </value>
            </param>
          </params>
          <reporter-output>
          </reporter-output>
        </test-method> <!-- runScenario -->
        <test-method status="PASS" signature="quit()[pri:0, instance:com.revature.runner.TestRunner@17d0685f]" name="quit" is-config="true" duration-ms="598" started-at="2022-08-21T21:15:23 EDT" finished-at="2022-08-21T21:15:24 EDT">
          <reporter-output>
          </reporter-output>
        </test-method> <!-- quit -->
        <test-method status="PASS" signature="setup()[pri:0, instance:com.revature.runner.TestRunner@17d0685f]" name="setup" is-config="true" duration-ms="1075" started-at="2022-08-21T21:15:24 EDT" finished-at="2022-08-21T21:15:25 EDT">
          <reporter-output>
          </reporter-output>
        </test-method> <!-- setup -->
        <test-method status="PASS" signature="runScenario(io.cucumber.testng.PickleWrapper,io.cucumber.testng.FeatureWrapper)[pri:0, instance:com.revature.runner.TestRunner@17d0685f]" name="runScenario" duration-ms="384" started-at="2022-08-21T21:15:25 EDT" description="Runs Cucumber Scenarios" data-provider="scenarios" finished-at="2022-08-21T21:15:26 EDT">
          <params>
            <param index="0">
              <value>
                <![CDATA["Invalid login Student #1"]]>
              </value>
            </param>
            <param index="1">
              <value>
                <![CDATA["login"]]>
              </value>
            </param>
          </params>
          <reporter-output>
          </reporter-output>
        </test-method> <!-- runScenario -->
        <test-method status="PASS" signature="quit()[pri:0, instance:com.revature.runner.TestRunner@17d0685f]" name="quit" is-config="true" duration-ms="602" started-at="2022-08-21T21:15:26 EDT" finished-at="2022-08-21T21:15:26 EDT">
          <reporter-output>
          </reporter-output>
        </test-method> <!-- quit -->
        <test-method status="PASS" signature="setup()[pri:0, instance:com.revature.runner.TestRunner@17d0685f]" name="setup" is-config="true" duration-ms="1070" started-at="2022-08-21T21:15:26 EDT" finished-at="2022-08-21T21:15:27 EDT">
          <reporter-output>
          </reporter-output>
        </test-method> <!-- setup -->
        <test-method status="PASS" signature="runScenario(io.cucumber.testng.PickleWrapper,io.cucumber.testng.FeatureWrapper)[pri:0, instance:com.revature.runner.TestRunner@17d0685f]" name="runScenario" duration-ms="382" started-at="2022-08-21T21:15:27 EDT" description="Runs Cucumber Scenarios" data-provider="scenarios" finished-at="2022-08-21T21:15:28 EDT">
          <params>
            <param index="0">
              <value>
                <![CDATA["Invalid login Student #2"]]>
              </value>
            </param>
            <param index="1">
              <value>
                <![CDATA["login"]]>
              </value>
            </param>
          </params>
          <reporter-output>
          </reporter-output>
        </test-method> <!-- runScenario -->
        <test-method status="PASS" signature="quit()[pri:0, instance:com.revature.runner.TestRunner@17d0685f]" name="quit" is-config="true" duration-ms="563" started-at="2022-08-21T21:15:28 EDT" finished-at="2022-08-21T21:15:28 EDT">
          <reporter-output>
          </reporter-output>
        </test-method> <!-- quit -->
        <test-method status="PASS" signature="setup()[pri:0, instance:com.revature.runner.TestRunner@17d0685f]" name="setup" is-config="true" duration-ms="1078" started-at="2022-08-21T21:15:28 EDT" finished-at="2022-08-21T21:15:29 EDT">
          <reporter-output>
          </reporter-output>
        </test-method> <!-- setup -->
        <test-method status="PASS" signature="runScenario(io.cucumber.testng.PickleWrapper,io.cucumber.testng.FeatureWrapper)[pri:0, instance:com.revature.runner.TestRunner@17d0685f]" name="runScenario" duration-ms="430" started-at="2022-08-21T21:15:29 EDT" description="Runs Cucumber Scenarios" data-provider="scenarios" finished-at="2022-08-21T21:15:30 EDT">
          <params>
            <param index="0">
              <value>
                <![CDATA["Invalid login Student #3"]]>
              </value>
            </param>
            <param index="1">
              <value>
                <![CDATA["login"]]>
              </value>
            </param>
          </params>
          <reporter-output>
          </reporter-output>
        </test-method> <!-- runScenario -->
        <test-method status="PASS" signature="quit()[pri:0, instance:com.revature.runner.TestRunner@17d0685f]" name="quit" is-config="true" duration-ms="589" started-at="2022-08-21T21:15:30 EDT" finished-at="2022-08-21T21:15:30 EDT">
          <reporter-output>
          </reporter-output>
        </test-method> <!-- quit -->
        <test-method status="PASS" signature="setup()[pri:0, instance:com.revature.runner.TestRunner@17d0685f]" name="setup" is-config="true" duration-ms="1061" started-at="2022-08-21T21:15:30 EDT" finished-at="2022-08-21T21:15:31 EDT">
          <reporter-output>
          </reporter-output>
        </test-method> <!-- setup -->
        <test-method status="PASS" signature="runScenario(io.cucumber.testng.PickleWrapper,io.cucumber.testng.FeatureWrapper)[pri:0, instance:com.revature.runner.TestRunner@17d0685f]" name="runScenario" duration-ms="1428" started-at="2022-08-21T21:15:31 EDT" description="Runs Cucumber Scenarios" data-provider="scenarios" finished-at="2022-08-21T21:15:33 EDT">
          <params>
            <param index="0">
              <value>
                <![CDATA["Valid login Teacher #1"]]>
              </value>
            </param>
            <param index="1">
              <value>
                <![CDATA["login"]]>
              </value>
            </param>
          </params>
          <reporter-output>
          </reporter-output>
        </test-method> <!-- runScenario -->
        <test-method status="PASS" signature="quit()[pri:0, instance:com.revature.runner.TestRunner@17d0685f]" name="quit" is-config="true" duration-ms="597" started-at="2022-08-21T21:15:33 EDT" finished-at="2022-08-21T21:15:33 EDT">
          <reporter-output>
          </reporter-output>
        </test-method> <!-- quit -->
        <test-method status="PASS" signature="setup()[pri:0, instance:com.revature.runner.TestRunner@17d0685f]" name="setup" is-config="true" duration-ms="1062" started-at="2022-08-21T21:15:33 EDT" finished-at="2022-08-21T21:15:34 EDT">
          <reporter-output>
          </reporter-output>
        </test-method> <!-- setup -->
        <test-method status="PASS" signature="runScenario(io.cucumber.testng.PickleWrapper,io.cucumber.testng.FeatureWrapper)[pri:0, instance:com.revature.runner.TestRunner@17d0685f]" name="runScenario" duration-ms="914" started-at="2022-08-21T21:15:34 EDT" description="Runs Cucumber Scenarios" data-provider="scenarios" finished-at="2022-08-21T21:15:35 EDT">
          <params>
            <param index="0">
              <value>
                <![CDATA["Valid login Teacher #2"]]>
              </value>
            </param>
            <param index="1">
              <value>
                <![CDATA["login"]]>
              </value>
            </param>
          </params>
          <reporter-output>
          </reporter-output>
        </test-method> <!-- runScenario -->
        <test-method status="PASS" signature="quit()[pri:0, instance:com.revature.runner.TestRunner@17d0685f]" name="quit" is-config="true" duration-ms="583" started-at="2022-08-21T21:15:35 EDT" finished-at="2022-08-21T21:15:36 EDT">
          <reporter-output>
          </reporter-output>
        </test-method> <!-- quit -->
        <test-method status="PASS" signature="setup()[pri:0, instance:com.revature.runner.TestRunner@17d0685f]" name="setup" is-config="true" duration-ms="1072" started-at="2022-08-21T21:15:36 EDT" finished-at="2022-08-21T21:15:37 EDT">
          <reporter-output>
          </reporter-output>
        </test-method> <!-- setup -->
        <test-method status="PASS" signature="runScenario(io.cucumber.testng.PickleWrapper,io.cucumber.testng.FeatureWrapper)[pri:0, instance:com.revature.runner.TestRunner@17d0685f]" name="runScenario" duration-ms="373" started-at="2022-08-21T21:15:37 EDT" description="Runs Cucumber Scenarios" data-provider="scenarios" finished-at="2022-08-21T21:15:37 EDT">
          <params>
            <param index="0">
              <value>
                <![CDATA["Invalid login Teacher #1"]]>
              </value>
            </param>
            <param index="1">
              <value>
                <![CDATA["login"]]>
              </value>
            </param>
          </params>
          <reporter-output>
          </reporter-output>
        </test-method> <!-- runScenario -->
        <test-method status="PASS" signature="quit()[pri:0, instance:com.revature.runner.TestRunner@17d0685f]" name="quit" is-config="true" duration-ms="597" started-at="2022-08-21T21:15:37 EDT" finished-at="2022-08-21T21:15:38 EDT">
          <reporter-output>
          </reporter-output>
        </test-method> <!-- quit -->
        <test-method status="PASS" signature="setup()[pri:0, instance:com.revature.runner.TestRunner@17d0685f]" name="setup" is-config="true" duration-ms="1063" started-at="2022-08-21T21:15:38 EDT" finished-at="2022-08-21T21:15:39 EDT">
          <reporter-output>
          </reporter-output>
        </test-method> <!-- setup -->
        <test-method status="PASS" signature="runScenario(io.cucumber.testng.PickleWrapper,io.cucumber.testng.FeatureWrapper)[pri:0, instance:com.revature.runner.TestRunner@17d0685f]" name="runScenario" duration-ms="379" started-at="2022-08-21T21:15:39 EDT" description="Runs Cucumber Scenarios" data-provider="scenarios" finished-at="2022-08-21T21:15:39 EDT">
          <params>
            <param index="0">
              <value>
                <![CDATA["Invalid login Teacher #2"]]>
              </value>
            </param>
            <param index="1">
              <value>
                <![CDATA["login"]]>
              </value>
            </param>
          </params>
          <reporter-output>
          </reporter-output>
        </test-method> <!-- runScenario -->
        <test-method status="PASS" signature="quit()[pri:0, instance:com.revature.runner.TestRunner@17d0685f]" name="quit" is-config="true" duration-ms="592" started-at="2022-08-21T21:15:39 EDT" finished-at="2022-08-21T21:15:40 EDT">
          <reporter-output>
          </reporter-output>
        </test-method> <!-- quit -->
        <test-method status="PASS" signature="setup()[pri:0, instance:com.revature.runner.TestRunner@17d0685f]" name="setup" is-config="true" duration-ms="1084" started-at="2022-08-21T21:15:40 EDT" finished-at="2022-08-21T21:15:41 EDT">
          <reporter-output>
          </reporter-output>
        </test-method> <!-- setup -->
        <test-method status="PASS" signature="runScenario(io.cucumber.testng.PickleWrapper,io.cucumber.testng.FeatureWrapper)[pri:0, instance:com.revature.runner.TestRunner@17d0685f]" name="runScenario" duration-ms="384" started-at="2022-08-21T21:15:41 EDT" description="Runs Cucumber Scenarios" data-provider="scenarios" finished-at="2022-08-21T21:15:41 EDT">
          <params>
            <param index="0">
              <value>
                <![CDATA["Invalid login Teacher #3"]]>
              </value>
            </param>
            <param index="1">
              <value>
                <![CDATA["login"]]>
              </value>
            </param>
          </params>
          <reporter-output>
          </reporter-output>
        </test-method> <!-- runScenario -->
        <test-method status="PASS" signature="quit()[pri:0, instance:com.revature.runner.TestRunner@17d0685f]" name="quit" is-config="true" duration-ms="595" started-at="2022-08-21T21:15:41 EDT" finished-at="2022-08-21T21:15:42 EDT">
          <reporter-output>
          </reporter-output>
        </test-method> <!-- quit -->
        <test-method status="PASS" signature="setup()[pri:0, instance:com.revature.runner.TestRunner@17d0685f]" name="setup" is-config="true" duration-ms="1073" started-at="2022-08-21T21:15:42 EDT" finished-at="2022-08-21T21:15:43 EDT">
          <reporter-output>
          </reporter-output>
        </test-method> <!-- setup -->
        <test-method status="PASS" signature="runScenario(io.cucumber.testng.PickleWrapper,io.cucumber.testng.FeatureWrapper)[pri:0, instance:com.revature.runner.TestRunner@17d0685f]" name="runScenario" duration-ms="301" started-at="2022-08-21T21:15:43 EDT" description="Runs Cucumber Scenarios" data-provider="scenarios" finished-at="2022-08-21T21:15:43 EDT">
          <params>
            <param index="0">
              <value>
                <![CDATA["View all assignments"]]>
              </value>
            </param>
            <param index="1">
              <value>
                <![CDATA["View all assignments"]]>
              </value>
            </param>
          </params>
          <reporter-output>
          </reporter-output>
        </test-method> <!-- runScenario -->
        <test-method status="PASS" signature="quit()[pri:0, instance:com.revature.runner.TestRunner@17d0685f]" name="quit" is-config="true" duration-ms="577" started-at="2022-08-21T21:15:43 EDT" finished-at="2022-08-21T21:15:44 EDT">
          <reporter-output>
          </reporter-output>
        </test-method> <!-- quit -->
        <test-method status="PASS" signature="setup()[pri:0, instance:com.revature.runner.TestRunner@17d0685f]" name="setup" is-config="true" duration-ms="1072" started-at="2022-08-21T21:15:44 EDT" finished-at="2022-08-21T21:15:45 EDT">
          <reporter-output>
          </reporter-output>
        </test-method> <!-- setup -->
        <test-method status="PASS" signature="runScenario(io.cucumber.testng.PickleWrapper,io.cucumber.testng.FeatureWrapper)[pri:0, instance:com.revature.runner.TestRunner@17d0685f]" name="runScenario" duration-ms="295" started-at="2022-08-21T21:15:45 EDT" description="Runs Cucumber Scenarios" data-provider="scenarios" finished-at="2022-08-21T21:15:45 EDT">
          <params>
            <param index="0">
              <value>
                <![CDATA["View all courses"]]>
              </value>
            </param>
            <param index="1">
              <value>
                <![CDATA["View all courses"]]>
              </value>
            </param>
          </params>
          <reporter-output>
          </reporter-output>
        </test-method> <!-- runScenario -->
        <test-method status="PASS" signature="quit()[pri:0, instance:com.revature.runner.TestRunner@17d0685f]" name="quit" is-config="true" duration-ms="581" started-at="2022-08-21T21:15:45 EDT" finished-at="2022-08-21T21:15:46 EDT">
          <reporter-output>
          </reporter-output>
        </test-method> <!-- quit -->
        <test-method status="PASS" signature="setup()[pri:0, instance:com.revature.runner.TestRunner@17d0685f]" name="setup" is-config="true" duration-ms="1064" started-at="2022-08-21T21:15:46 EDT" finished-at="2022-08-21T21:15:47 EDT">
          <reporter-output>
          </reporter-output>
        </test-method> <!-- setup -->
        <test-method status="PASS" signature="runScenario(io.cucumber.testng.PickleWrapper,io.cucumber.testng.FeatureWrapper)[pri:0, instance:com.revature.runner.TestRunner@17d0685f]" name="runScenario" duration-ms="356" started-at="2022-08-21T21:15:47 EDT" description="Runs Cucumber Scenarios" data-provider="scenarios" finished-at="2022-08-21T21:15:47 EDT">
          <params>
            <param index="0">
              <value>
                <![CDATA[""]]>
              </value>
            </param>
            <param index="1">
              <value>
                <![CDATA["Filter assignments"]]>
              </value>
            </param>
          </params>
          <reporter-output>
          </reporter-output>
        </test-method> <!-- runScenario -->
        <test-method status="PASS" signature="quit()[pri:0, instance:com.revature.runner.TestRunner@17d0685f]" name="quit" is-config="true" duration-ms="581" started-at="2022-08-21T21:15:47 EDT" finished-at="2022-08-21T21:15:48 EDT">
          <reporter-output>
          </reporter-output>
        </test-method> <!-- quit -->
        <test-method status="PASS" signature="setup()[pri:0, instance:com.revature.runner.TestRunner@17d0685f]" name="setup" is-config="true" duration-ms="1056" started-at="2022-08-21T21:15:48 EDT" finished-at="2022-08-21T21:15:49 EDT">
          <reporter-output>
          </reporter-output>
        </test-method> <!-- setup -->
        <test-method status="PASS" signature="runScenario(io.cucumber.testng.PickleWrapper,io.cucumber.testng.FeatureWrapper)[pri:0, instance:com.revature.runner.TestRunner@17d0685f]" name="runScenario" duration-ms="290" started-at="2022-08-21T21:15:49 EDT" description="Runs Cucumber Scenarios" data-provider="scenarios" finished-at="2022-08-21T21:15:49 EDT">
          <params>
            <param index="0">
              <value>
                <![CDATA[""]]>
              </value>
            </param>
            <param index="1">
              <value>
                <![CDATA["View All Assignments"]]>
              </value>
            </param>
          </params>
          <reporter-output>
          </reporter-output>
        </test-method> <!-- runScenario -->
        <test-method status="PASS" signature="quit()[pri:0, instance:com.revature.runner.TestRunner@17d0685f]" name="quit" is-config="true" duration-ms="571" started-at="2022-08-21T21:15:49 EDT" finished-at="2022-08-21T21:15:50 EDT">
          <reporter-output>
          </reporter-output>
        </test-method> <!-- quit -->
        <test-method status="PASS" signature="setup()[pri:0, instance:com.revature.runner.TestRunner@17d0685f]" name="setup" is-config="true" duration-ms="1057" started-at="2022-08-21T21:15:50 EDT" finished-at="2022-08-21T21:15:51 EDT">
          <reporter-output>
          </reporter-output>
        </test-method> <!-- setup -->
        <test-method status="PASS" signature="runScenario(io.cucumber.testng.PickleWrapper,io.cucumber.testng.FeatureWrapper)[pri:0, instance:com.revature.runner.TestRunner@17d0685f]" name="runScenario" duration-ms="315" started-at="2022-08-21T21:15:51 EDT" description="Runs Cucumber Scenarios" data-provider="scenarios" finished-at="2022-08-21T21:15:51 EDT">
          <params>
            <param index="0">
              <value>
                <![CDATA[""]]>
              </value>
            </param>
            <param index="1">
              <value>
                <![CDATA["View All Courses"]]>
              </value>
            </param>
          </params>
          <reporter-output>
          </reporter-output>
        </test-method> <!-- runScenario -->
        <test-method status="PASS" signature="quit()[pri:0, instance:com.revature.runner.TestRunner@17d0685f]" name="quit" is-config="true" duration-ms="579" started-at="2022-08-21T21:15:51 EDT" finished-at="2022-08-21T21:15:52 EDT">
          <reporter-output>
          </reporter-output>
        </test-method> <!-- quit -->
        <test-method status="PASS" signature="tearDownClass()[pri:0, instance:com.revature.runner.TestRunner@17d0685f]" name="tearDownClass" is-config="true" duration-ms="4" started-at="2022-08-21T21:15:52 EDT" finished-at="2022-08-21T21:15:52 EDT">
          <reporter-output>
          </reporter-output>
        </test-method> <!-- tearDownClass -->
      </class> <!-- com.revature.runner.TestRunner -->
    </test> <!-- My Login tests -->
  </suite> <!-- Login Test Suite -->
</testng-results>
