-------------------------------------------------------------------------------
Test set: TestSuite
-------------------------------------------------------------------------------
Tests run: 15, Failures: 4, Errors: 0, Skipped: 0, Time elapsed: 77.072 s <<< FAILURE! - in TestSuite
com.revature.runner.TestRunner.runScenario["Valid login Student #1", "login"](1)  Time elapsed: 13.168 s  <<< FAILURE!
org.openqa.selenium.TimeoutException: 
Expected condition failed: waiting for url to be "http://ec2-54-164-157-51.compute-1.amazonaws.com/s_homepage.html". Current url: "http://ec2-54-164-157-51.compute-1.amazonaws.com/s_login.html" (tried for 10 second(s) with 500 milliseconds interval)
Build info: version: '4.4.0', revision: 'e5c75ed026a'
System info: host: 'MSI', ip: '192.168.1.19', os.name: 'Windows 10', os.arch: 'amd64', os.version: '10.0', java.version: '1.8.0_333'
Driver info: org.openqa.selenium.chrome.ChromeDriver
Capabilities {acceptInsecureCerts: false, browserName: chrome, browserVersion: 104.0.5112.81, chrome: {chromedriverVersion: 104.0.5112.79 (3cf3e8c8a07d..., userDataDir: C:\Users\jacel\AppData\Loca...}, goog:chromeOptions: {debuggerAddress: localhost:62693}, networkConnectionEnabled: false, pageLoadStrategy: normal, platformName: WINDOWS, proxy: Proxy(), se:cdp: ws://localhost:62693/devtoo..., se:cdpVersion: 104.0.5112.81, setWindowRect: true, strictFileInteractability: false, timeouts: {implicit: 0, pageLoad: 300000, script: 30000}, unhandledPromptBehavior: dismiss and notify, webauthn:extension:credBlob: true, webauthn:extension:largeBlob: true, webauthn:virtualAuthenticators: true}
Session ID: ed65c7462ebddd9937a9b237b834512b
	at org.openqa.selenium.support.ui.WebDriverWait.timeoutException(WebDriverWait.java:87)
	at org.openqa.selenium.support.ui.FluentWait.until(FluentWait.java:231)
	at com.revature.steps.LoginStudent.i_should_be_redirected_to_the_student_homepage(LoginStudent.java:50)
	at ✽.I should be redirected to the student homepage(file:///C:/Users/jacel/IntelliJProjects/project-2-end-2-end-tests/src/test/resources/login_student.feature:8)

com.revature.runner.TestRunner.runScenario["Valid login Student #2", "login"](2)  Time elapsed: 10.785 s  <<< FAILURE!
org.openqa.selenium.TimeoutException: 
Expected condition failed: waiting for url to be "http://ec2-54-164-157-51.compute-1.amazonaws.com/s_homepage.html". Current url: "http://ec2-54-164-157-51.compute-1.amazonaws.com/s_login.html" (tried for 10 second(s) with 500 milliseconds interval)
Build info: version: '4.4.0', revision: 'e5c75ed026a'
System info: host: 'MSI', ip: '192.168.1.19', os.name: 'Windows 10', os.arch: 'amd64', os.version: '10.0', java.version: '1.8.0_333'
Driver info: org.openqa.selenium.chrome.ChromeDriver
Capabilities {acceptInsecureCerts: false, browserName: chrome, browserVersion: 104.0.5112.81, chrome: {chromedriverVersion: 104.0.5112.79 (3cf3e8c8a07d..., userDataDir: C:\Users\jacel\AppData\Loca...}, goog:chromeOptions: {debuggerAddress: localhost:62715}, networkConnectionEnabled: false, pageLoadStrategy: normal, platformName: WINDOWS, proxy: Proxy(), se:cdp: ws://localhost:62715/devtoo..., se:cdpVersion: 104.0.5112.81, setWindowRect: true, strictFileInteractability: false, timeouts: {implicit: 0, pageLoad: 300000, script: 30000}, unhandledPromptBehavior: dismiss and notify, webauthn:extension:credBlob: true, webauthn:extension:largeBlob: true, webauthn:virtualAuthenticators: true}
Session ID: 0074aca57a6a4f211ef5db5b2b923a5d
	at org.openqa.selenium.support.ui.WebDriverWait.timeoutException(WebDriverWait.java:87)
	at org.openqa.selenium.support.ui.FluentWait.until(FluentWait.java:231)
	at com.revature.steps.LoginStudent.i_should_be_redirected_to_the_student_homepage(LoginStudent.java:50)
	at ✽.I should be redirected to the student homepage(file:///C:/Users/jacel/IntelliJProjects/project-2-end-2-end-tests/src/test/resources/login_student.feature:15)

com.revature.runner.TestRunner.runScenario["Valid login Teacher #1", "login"](6)  Time elapsed: 10.782 s  <<< FAILURE!
org.openqa.selenium.TimeoutException: 
Expected condition failed: waiting for url to be "http://ec2-54-164-157-51.compute-1.amazonaws.com/t_homepage.html". Current url: "http://ec2-54-164-157-51.compute-1.amazonaws.com/t_login.html" (tried for 10 second(s) with 500 milliseconds interval)
Build info: version: '4.4.0', revision: 'e5c75ed026a'
System info: host: 'MSI', ip: '192.168.1.19', os.name: 'Windows 10', os.arch: 'amd64', os.version: '10.0', java.version: '1.8.0_333'
Driver info: org.openqa.selenium.chrome.ChromeDriver
Capabilities {acceptInsecureCerts: false, browserName: chrome, browserVersion: 104.0.5112.81, chrome: {chromedriverVersion: 104.0.5112.79 (3cf3e8c8a07d..., userDataDir: C:\Users\jacel\AppData\Loca...}, goog:chromeOptions: {debuggerAddress: localhost:52838}, networkConnectionEnabled: false, pageLoadStrategy: normal, platformName: WINDOWS, proxy: Proxy(), se:cdp: ws://localhost:52838/devtoo..., se:cdpVersion: 104.0.5112.81, setWindowRect: true, strictFileInteractability: false, timeouts: {implicit: 0, pageLoad: 300000, script: 30000}, unhandledPromptBehavior: dismiss and notify, webauthn:extension:credBlob: true, webauthn:extension:largeBlob: true, webauthn:virtualAuthenticators: true}
Session ID: bbd8d52e450be334de1d05806cccea87
	at org.openqa.selenium.support.ui.WebDriverWait.timeoutException(WebDriverWait.java:87)
	at org.openqa.selenium.support.ui.FluentWait.until(FluentWait.java:231)
	at com.revature.steps.LoginTeacher.i_should_be_redirected_to_the_teacher_homepage(LoginTeacher.java:50)
	at ✽.I should be redirected to the teacher homepage(file:///C:/Users/jacel/IntelliJProjects/project-2-end-2-end-tests/src/test/resources/login_teacher.feature:8)

com.revature.runner.TestRunner.runScenario["Valid login Teacher #2", "login"](7)  Time elapsed: 10.726 s  <<< FAILURE!
org.openqa.selenium.TimeoutException: 
Expected condition failed: waiting for url to be "http://ec2-54-164-157-51.compute-1.amazonaws.com/t_homepage.html". Current url: "http://ec2-54-164-157-51.compute-1.amazonaws.com/t_login.html" (tried for 10 second(s) with 500 milliseconds interval)
Build info: version: '4.4.0', revision: 'e5c75ed026a'
System info: host: 'MSI', ip: '192.168.1.19', os.name: 'Windows 10', os.arch: 'amd64', os.version: '10.0', java.version: '1.8.0_333'
Driver info: org.openqa.selenium.chrome.ChromeDriver
Capabilities {acceptInsecureCerts: false, browserName: chrome, browserVersion: 104.0.5112.81, chrome: {chromedriverVersion: 104.0.5112.79 (3cf3e8c8a07d..., userDataDir: C:\Users\jacel\AppData\Loca...}, goog:chromeOptions: {debuggerAddress: localhost:52866}, networkConnectionEnabled: false, pageLoadStrategy: normal, platformName: WINDOWS, proxy: Proxy(), se:cdp: ws://localhost:52866/devtoo..., se:cdpVersion: 104.0.5112.81, setWindowRect: true, strictFileInteractability: false, timeouts: {implicit: 0, pageLoad: 300000, script: 30000}, unhandledPromptBehavior: dismiss and notify, webauthn:extension:credBlob: true, webauthn:extension:largeBlob: true, webauthn:virtualAuthenticators: true}
Session ID: 3e283a146d2f3cc01e7a876f2c523ef5
	at org.openqa.selenium.support.ui.WebDriverWait.timeoutException(WebDriverWait.java:87)
	at org.openqa.selenium.support.ui.FluentWait.until(FluentWait.java:231)
	at com.revature.steps.LoginTeacher.i_should_be_redirected_to_the_teacher_homepage(LoginTeacher.java:50)
	at ✽.I should be redirected to the teacher homepage(file:///C:/Users/jacel/IntelliJProjects/project-2-end-2-end-tests/src/test/resources/login_teacher.feature:15)

